<?xml version="1.0" encoding="UTF-8"?>
<testng-results ignored="0" total="1" passed="1" failed="0" skipped="0">
  <reporter-output>
  </reporter-output>
  <suite started-at="2022-03-10T22:21:34 COT" name="Suite" finished-at="2022-03-10T22:22:18 COT" duration-ms="44204">
    <groups>
    </groups>
    <test started-at="2022-03-10T22:21:34 COT" name="Test" finished-at="2022-03-10T22:22:18 COT" duration-ms="44204">
      <class name="com.testNG.RunTestNG">
        <test-method is-config="true" signature="beforeClass(java.lang.String, java.lang.String, java.lang.String)[pri:0, instance:com.testNG.RunTestNG@75329a49]" started-at="2022-03-10T22:21:34 COT" name="beforeClass" finished-at="2022-03-10T22:21:37 COT" duration-ms="3138" status="PASS">
          <params>
            <param index="0">
              <value>
                <![CDATA[https://demo.guru99.com/selenium/newtours/index.php]]>
              </value>
            </param>
            <param index="1">
              <value>
                <![CDATA[./imagenes/logo_periferia.png]]>
              </value>
            </param>
            <param index="2">
              <value>
                <![CDATA[./output/]]>
              </value>
            </param>
          </params>
          <reporter-output>
          </reporter-output>
        </test-method> <!-- beforeClass -->
        <test-method signature="pruebaInicialTestNG(java.lang.String, java.lang.String, java.lang.String)[pri:0, instance:com.testNG.RunTestNG@75329a49]" started-at="2022-03-10T22:21:38 COT" name="pruebaInicialTestNG" description="acceso a periferia" data-provider="busqueda" finished-at="2022-03-10T22:22:18 COT" duration-ms="39411" status="PASS">
          <params>
            <param index="0">
              <value>
                <![CDATA[Si]]>
              </value>
            </param>
            <param index="1">
              <value>
                <![CDATA[Si]]>
              </value>
            </param>
            <param index="2">
              <value>
                <![CDATA[pepito]]>
              </value>
            </param>
          </params>
          <reporter-output>
          </reporter-output>
        </test-method> <!-- pruebaInicialTestNG -->
        <test-method is-config="true" signature="afterClass()[pri:0, instance:com.testNG.RunTestNG@75329a49]" started-at="2022-03-10T22:22:18 COT" name="afterClass" finished-at="2022-03-10T22:22:18 COT" duration-ms="107" status="PASS">
          <reporter-output>
          </reporter-output>
        </test-method> <!-- afterClass -->
      </class> <!-- com.testNG.RunTestNG -->
    </test> <!-- Test -->
  </suite> <!-- Suite -->
</testng-results>
